The target system is: Generic -  - 
The host system is: Darwin - 21.6.0 - x86_64
Compiling the C compiler identification source file "CMakeCCompilerId.c" succeeded.
Compiler: /Users/luukvancampen/zephyr-sdk-0.15.1/arm-zephyr-eabi/bin/arm-zephyr-eabi-gcc 
Build flags: 
Id flags: -c 

The output was:
0


Compilation of the C compiler identification source "CMakeCCompilerId.c" produced "CMakeCCompilerId.o"

The C compiler identification is GNU, found in "/Users/luukvancampen/Desktop/delftMsC/realTimeSystems/blink_threads/build/bootloader/CMakeFiles/3.25.0/CompilerIdC/CMakeCCompilerId.o"

Compiling the CXX compiler identification source file "CMakeCXXCompilerId.cpp" succeeded.
Compiler: /Users/luukvancampen/zephyr-sdk-0.15.1/arm-zephyr-eabi/bin/arm-zephyr-eabi-c++ 
Build flags: 
Id flags: -c 

The output was:
0


Compilation of the CXX compiler identification source "CMakeCXXCompilerId.cpp" produced "CMakeCXXCompilerId.o"

The CXX compiler identification is GNU, found in "/Users/luukvancampen/Desktop/delftMsC/realTimeSystems/blink_threads/build/bootloader/CMakeFiles/3.25.0/CompilerIdCXX/CMakeCXXCompilerId.o"

Detecting C compiler ABI info compiled with the following output:
Change Dir: /Users/luukvancampen/Desktop/delftMsC/realTimeSystems/blink_threads/build/bootloader/CMakeFiles/CMakeScratch/TryCompile-ilZPWt

Run Build Command(s):/usr/local/bin/ninja cmTC_9b287 && [1/2] Building C object CMakeFiles/cmTC_9b287.dir/CMakeCCompilerABI.c.obj
Using built-in specs.
COLLECT_GCC=/Users/luukvancampen/zephyr-sdk-0.15.1/arm-zephyr-eabi/bin/arm-zephyr-eabi-gcc
Target: arm-zephyr-eabi
Configured with: /Volumes/Workspace/build/.build/arm-zephyr-eabi/src/gcc/configure --build=x86_64-build_apple-darwin20.6.0 --host=x86_64-build_apple-darwin20.6.0 --target=arm-zephyr-eabi --prefix=/Volumes/Workspace/output/arm-zephyr-eabi --exec_prefix=/Volumes/Workspace/output/arm-zephyr-eabi --with-local-prefix=/Volumes/Workspace/output/arm-zephyr-eabi/arm-zephyr-eabi --with-headers=/Volumes/Workspace/output/arm-zephyr-eabi/arm-zephyr-eabi/include --with-newlib --enable-threads=no --disable-shared --with-pkgversion='Zephyr SDK 0.15.1' --with-bugurl=https://github.com/zephyrproject-rtos/sdk-ng/issues --enable-__cxa_atexit --disable-libgomp --disable-libmudflap --disable-libmpx --disable-libssp --disable-libquadmath --disable-libquadmath-support --disable-libstdcxx-verbose --with-gmp=/Volumes/Workspace/build/.build/arm-zephyr-eabi/buildtools --with-mpfr=/Volumes/Workspace/build/.build/arm-zephyr-eabi/buildtools --with-mpc=/Volumes/Workspace/build/.build/arm-zephyr-eabi/buildtools --with-isl=/Volumes/Workspace/build/.build/arm-zephyr-eabi/buildtools --enable-lto --enable-target-optspace --disable-nls --enable-multiarch --with-multilib-list=rmprofile --enable-languages=c,c++ --with-gnu-ld --with-gnu-as --enable-initfini-array
Thread model: single
Supported LTO compression algorithms: zlib
gcc version 12.1.0 (Zephyr SDK 0.15.1) 
COLLECT_GCC_OPTIONS='-v' '-o' 'CMakeFiles/cmTC_9b287.dir/CMakeCCompilerABI.c.obj' '-c' '-mcpu=arm7tdmi' '-mfloat-abi=soft' '-marm' '-mlibarch=armv4t' '-march=armv4t' '-dumpdir' 'CMakeFiles/cmTC_9b287.dir/'
 /Users/luukvancampen/zephyr-sdk-0.15.1/arm-zephyr-eabi/bin/../libexec/gcc/arm-zephyr-eabi/12.1.0/cc1 -quiet -v -iprefix /Users/luukvancampen/zephyr-sdk-0.15.1/arm-zephyr-eabi/bin/../lib/gcc/arm-zephyr-eabi/12.1.0/ -D__USES_INITFINI__ /usr/local/Cellar/cmake/3.25.0/share/cmake/Modules/CMakeCCompilerABI.c -quiet -dumpdir CMakeFiles/cmTC_9b287.dir/ -dumpbase CMakeCCompilerABI.c.c -dumpbase-ext .c -mcpu=arm7tdmi -mfloat-abi=soft -marm -mlibarch=armv4t -march=armv4t -version -o /var/folders/50/b7zdz41n7bx1c5slhb37w2200000gn/T//ccINfdp2.s
GNU C17 (Zephyr SDK 0.15.1) version 12.1.0 (arm-zephyr-eabi)
	compiled by GNU C version Apple LLVM 13.0.0 (clang-1300.0.29.30), GMP version 6.2.1, MPFR version 4.1.0, MPC version 1.2.1, isl version isl-0.24-GMP

GGC heuristics: --param ggc-min-expand=100 --param ggc-min-heapsize=131072
ignoring duplicate directory "/Users/luukvancampen/zephyr-sdk-0.15.1/arm-zephyr-eabi/bin/../lib/gcc/../../lib/gcc/arm-zephyr-eabi/12.1.0/include"
ignoring duplicate directory "/Users/luukvancampen/zephyr-sdk-0.15.1/arm-zephyr-eabi/bin/../lib/gcc/../../lib/gcc/arm-zephyr-eabi/12.1.0/include-fixed"
ignoring duplicate directory "/Users/luukvancampen/zephyr-sdk-0.15.1/arm-zephyr-eabi/bin/../lib/gcc/../../lib/gcc/arm-zephyr-eabi/12.1.0/../../../../arm-zephyr-eabi/sys-include"
ignoring duplicate directory "/Users/luukvancampen/zephyr-sdk-0.15.1/arm-zephyr-eabi/bin/../lib/gcc/../../lib/gcc/arm-zephyr-eabi/12.1.0/../../../../arm-zephyr-eabi/include"
#include "..." search starts here:
#include <...> search starts here:
 /Users/luukvancampen/zephyr-sdk-0.15.1/arm-zephyr-eabi/bin/../lib/gcc/arm-zephyr-eabi/12.1.0/include
 /Users/luukvancampen/zephyr-sdk-0.15.1/arm-zephyr-eabi/bin/../lib/gcc/arm-zephyr-eabi/12.1.0/include-fixed
 /Users/luukvancampen/zephyr-sdk-0.15.1/arm-zephyr-eabi/bin/../lib/gcc/arm-zephyr-eabi/12.1.0/../../../../arm-zephyr-eabi/sys-include
 /Users/luukvancampen/zephyr-sdk-0.15.1/arm-zephyr-eabi/bin/../lib/gcc/arm-zephyr-eabi/12.1.0/../../../../arm-zephyr-eabi/include
End of search list.
GNU C17 (Zephyr SDK 0.15.1) version 12.1.0 (arm-zephyr-eabi)
	compiled by GNU C version Apple LLVM 13.0.0 (clang-1300.0.29.30), GMP version 6.2.1, MPFR version 4.1.0, MPC version 1.2.1, isl version isl-0.24-GMP

GGC heuristics: --param ggc-min-expand=100 --param ggc-min-heapsize=131072
Compiler executable checksum: e422dab9c3c3d3227850e98eadd885c2
COLLECT_GCC_OPTIONS='-v' '-o' 'CMakeFiles/cmTC_9b287.dir/CMakeCCompilerABI.c.obj' '-c' '-mcpu=arm7tdmi' '-mfloat-abi=soft' '-marm' '-mlibarch=armv4t' '-march=armv4t' '-dumpdir' 'CMakeFiles/cmTC_9b287.dir/'
 /Users/luukvancampen/zephyr-sdk-0.15.1/arm-zephyr-eabi/bin/../lib/gcc/arm-zephyr-eabi/12.1.0/../../../../arm-zephyr-eabi/bin/as -v -march=armv4t -mfloat-abi=soft -meabi=5 -o CMakeFiles/cmTC_9b287.dir/CMakeCCompilerABI.c.obj /var/folders/50/b7zdz41n7bx1c5slhb37w2200000gn/T//ccINfdp2.s
GNU assembler version 2.38 (arm-zephyr-eabi) using BFD version (Zephyr SDK 0.15.1) 2.38
COMPILER_PATH=/Users/luukvancampen/zephyr-sdk-0.15.1/arm-zephyr-eabi/bin/../libexec/gcc/arm-zephyr-eabi/12.1.0/:/Users/luukvancampen/zephyr-sdk-0.15.1/arm-zephyr-eabi/bin/../libexec/gcc/:/Users/luukvancampen/zephyr-sdk-0.15.1/arm-zephyr-eabi/bin/../lib/gcc/arm-zephyr-eabi/12.1.0/../../../../arm-zephyr-eabi/bin/
LIBRARY_PATH=/Users/luukvancampen/zephyr-sdk-0.15.1/arm-zephyr-eabi/bin/../lib/gcc/arm-zephyr-eabi/12.1.0/:/Users/luukvancampen/zephyr-sdk-0.15.1/arm-zephyr-eabi/bin/../lib/gcc/:/Users/luukvancampen/zephyr-sdk-0.15.1/arm-zephyr-eabi/bin/../lib/gcc/arm-zephyr-eabi/12.1.0/../../../../arm-zephyr-eabi/lib/
COLLECT_GCC_OPTIONS='-v' '-o' 'CMakeFiles/cmTC_9b287.dir/CMakeCCompilerABI.c.obj' '-c' '-mcpu=arm7tdmi' '-mfloat-abi=soft' '-marm' '-mlibarch=armv4t' '-march=armv4t' '-dumpdir' 'CMakeFiles/cmTC_9b287.dir/CMakeCCompilerABI.c.'
[2/2] Linking C static library libcmTC_9b287.a



Parsed C implicit include dir info from above output: rv=done
  found start of include info
  found start of implicit include info
    add: [/Users/luukvancampen/zephyr-sdk-0.15.1/arm-zephyr-eabi/bin/../lib/gcc/arm-zephyr-eabi/12.1.0/include]
    add: [/Users/luukvancampen/zephyr-sdk-0.15.1/arm-zephyr-eabi/bin/../lib/gcc/arm-zephyr-eabi/12.1.0/include-fixed]
    add: [/Users/luukvancampen/zephyr-sdk-0.15.1/arm-zephyr-eabi/bin/../lib/gcc/arm-zephyr-eabi/12.1.0/../../../../arm-zephyr-eabi/sys-include]
    add: [/Users/luukvancampen/zephyr-sdk-0.15.1/arm-zephyr-eabi/bin/../lib/gcc/arm-zephyr-eabi/12.1.0/../../../../arm-zephyr-eabi/include]
  end of search list found
  collapse include dir [/Users/luukvancampen/zephyr-sdk-0.15.1/arm-zephyr-eabi/bin/../lib/gcc/arm-zephyr-eabi/12.1.0/include] ==> [/Users/luukvancampen/zephyr-sdk-0.15.1/arm-zephyr-eabi/lib/gcc/arm-zephyr-eabi/12.1.0/include]
  collapse include dir [/Users/luukvancampen/zephyr-sdk-0.15.1/arm-zephyr-eabi/bin/../lib/gcc/arm-zephyr-eabi/12.1.0/include-fixed] ==> [/Users/luukvancampen/zephyr-sdk-0.15.1/arm-zephyr-eabi/lib/gcc/arm-zephyr-eabi/12.1.0/include-fixed]
  collapse include dir [/Users/luukvancampen/zephyr-sdk-0.15.1/arm-zephyr-eabi/bin/../lib/gcc/arm-zephyr-eabi/12.1.0/../../../../arm-zephyr-eabi/sys-include] ==> [/Users/luukvancampen/zephyr-sdk-0.15.1/arm-zephyr-eabi/arm-zephyr-eabi/sys-include]
  collapse include dir [/Users/luukvancampen/zephyr-sdk-0.15.1/arm-zephyr-eabi/bin/../lib/gcc/arm-zephyr-eabi/12.1.0/../../../../arm-zephyr-eabi/include] ==> [/Users/luukvancampen/zephyr-sdk-0.15.1/arm-zephyr-eabi/arm-zephyr-eabi/include]
  implicit include dirs: [/Users/luukvancampen/zephyr-sdk-0.15.1/arm-zephyr-eabi/lib/gcc/arm-zephyr-eabi/12.1.0/include;/Users/luukvancampen/zephyr-sdk-0.15.1/arm-zephyr-eabi/lib/gcc/arm-zephyr-eabi/12.1.0/include-fixed;/Users/luukvancampen/zephyr-sdk-0.15.1/arm-zephyr-eabi/arm-zephyr-eabi/sys-include;/Users/luukvancampen/zephyr-sdk-0.15.1/arm-zephyr-eabi/arm-zephyr-eabi/include]


Parsed C implicit link information from above output:
  link line regex: [^( *|.*[/\])(arm-zephyr-eabi-ld|CMAKE_LINK_STARTFILE-NOTFOUND|([^/\]+-)?ld|collect2)[^/\]*( |$)]
  ignore line: [Change Dir: /Users/luukvancampen/Desktop/delftMsC/realTimeSystems/blink_threads/build/bootloader/CMakeFiles/CMakeScratch/TryCompile-ilZPWt]
  ignore line: []
  ignore line: [Run Build Command(s):/usr/local/bin/ninja cmTC_9b287 && [1/2] Building C object CMakeFiles/cmTC_9b287.dir/CMakeCCompilerABI.c.obj]
  ignore line: [Using built-in specs.]
  ignore line: [COLLECT_GCC=/Users/luukvancampen/zephyr-sdk-0.15.1/arm-zephyr-eabi/bin/arm-zephyr-eabi-gcc]
  ignore line: [Target: arm-zephyr-eabi]
  ignore line: [Configured with: /Volumes/Workspace/build/.build/arm-zephyr-eabi/src/gcc/configure --build=x86_64-build_apple-darwin20.6.0 --host=x86_64-build_apple-darwin20.6.0 --target=arm-zephyr-eabi --prefix=/Volumes/Workspace/output/arm-zephyr-eabi --exec_prefix=/Volumes/Workspace/output/arm-zephyr-eabi --with-local-prefix=/Volumes/Workspace/output/arm-zephyr-eabi/arm-zephyr-eabi --with-headers=/Volumes/Workspace/output/arm-zephyr-eabi/arm-zephyr-eabi/include --with-newlib --enable-threads=no --disable-shared --with-pkgversion='Zephyr SDK 0.15.1' --with-bugurl=https://github.com/zephyrproject-rtos/sdk-ng/issues --enable-__cxa_atexit --disable-libgomp --disable-libmudflap --disable-libmpx --disable-libssp --disable-libquadmath --disable-libquadmath-support --disable-libstdcxx-verbose --with-gmp=/Volumes/Workspace/build/.build/arm-zephyr-eabi/buildtools --with-mpfr=/Volumes/Workspace/build/.build/arm-zephyr-eabi/buildtools --with-mpc=/Volumes/Workspace/build/.build/arm-zephyr-eabi/buildtools --with-isl=/Volumes/Workspace/build/.build/arm-zephyr-eabi/buildtools --enable-lto --enable-target-optspace --disable-nls --enable-multiarch --with-multilib-list=rmprofile --enable-languages=c,c++ --with-gnu-ld --with-gnu-as --enable-initfini-array]
  ignore line: [Thread model: single]
  ignore line: [Supported LTO compression algorithms: zlib]
  ignore line: [gcc version 12.1.0 (Zephyr SDK 0.15.1) ]
  ignore line: [COLLECT_GCC_OPTIONS='-v' '-o' 'CMakeFiles/cmTC_9b287.dir/CMakeCCompilerABI.c.obj' '-c' '-mcpu=arm7tdmi' '-mfloat-abi=soft' '-marm' '-mlibarch=armv4t' '-march=armv4t' '-dumpdir' 'CMakeFiles/cmTC_9b287.dir/']
  ignore line: [ /Users/luukvancampen/zephyr-sdk-0.15.1/arm-zephyr-eabi/bin/../libexec/gcc/arm-zephyr-eabi/12.1.0/cc1 -quiet -v -iprefix /Users/luukvancampen/zephyr-sdk-0.15.1/arm-zephyr-eabi/bin/../lib/gcc/arm-zephyr-eabi/12.1.0/ -D__USES_INITFINI__ /usr/local/Cellar/cmake/3.25.0/share/cmake/Modules/CMakeCCompilerABI.c -quiet -dumpdir CMakeFiles/cmTC_9b287.dir/ -dumpbase CMakeCCompilerABI.c.c -dumpbase-ext .c -mcpu=arm7tdmi -mfloat-abi=soft -marm -mlibarch=armv4t -march=armv4t -version -o /var/folders/50/b7zdz41n7bx1c5slhb37w2200000gn/T//ccINfdp2.s]
  ignore line: [GNU C17 (Zephyr SDK 0.15.1) version 12.1.0 (arm-zephyr-eabi)]
  ignore line: [	compiled by GNU C version Apple LLVM 13.0.0 (clang-1300.0.29.30)  GMP version 6.2.1  MPFR version 4.1.0  MPC version 1.2.1  isl version isl-0.24-GMP]
  ignore line: []
  ignore line: [GGC heuristics: --param ggc-min-expand=100 --param ggc-min-heapsize=131072]
  ignore line: [ignoring duplicate directory "/Users/luukvancampen/zephyr-sdk-0.15.1/arm-zephyr-eabi/bin/../lib/gcc/../../lib/gcc/arm-zephyr-eabi/12.1.0/include"]
  ignore line: [ignoring duplicate directory "/Users/luukvancampen/zephyr-sdk-0.15.1/arm-zephyr-eabi/bin/../lib/gcc/../../lib/gcc/arm-zephyr-eabi/12.1.0/include-fixed"]
  ignore line: [ignoring duplicate directory "/Users/luukvancampen/zephyr-sdk-0.15.1/arm-zephyr-eabi/bin/../lib/gcc/../../lib/gcc/arm-zephyr-eabi/12.1.0/../../../../arm-zephyr-eabi/sys-include"]
  ignore line: [ignoring duplicate directory "/Users/luukvancampen/zephyr-sdk-0.15.1/arm-zephyr-eabi/bin/../lib/gcc/../../lib/gcc/arm-zephyr-eabi/12.1.0/../../../../arm-zephyr-eabi/include"]
  ignore line: [#include "..." search starts here:]
  ignore line: [#include <...> search starts here:]
  ignore line: [ /Users/luukvancampen/zephyr-sdk-0.15.1/arm-zephyr-eabi/bin/../lib/gcc/arm-zephyr-eabi/12.1.0/include]
  ignore line: [ /Users/luukvancampen/zephyr-sdk-0.15.1/arm-zephyr-eabi/bin/../lib/gcc/arm-zephyr-eabi/12.1.0/include-fixed]
  ignore line: [ /Users/luukvancampen/zephyr-sdk-0.15.1/arm-zephyr-eabi/bin/../lib/gcc/arm-zephyr-eabi/12.1.0/../../../../arm-zephyr-eabi/sys-include]
  ignore line: [ /Users/luukvancampen/zephyr-sdk-0.15.1/arm-zephyr-eabi/bin/../lib/gcc/arm-zephyr-eabi/12.1.0/../../../../arm-zephyr-eabi/include]
  ignore line: [End of search list.]
  ignore line: [GNU C17 (Zephyr SDK 0.15.1) version 12.1.0 (arm-zephyr-eabi)]
  ignore line: [	compiled by GNU C version Apple LLVM 13.0.0 (clang-1300.0.29.30)  GMP version 6.2.1  MPFR version 4.1.0  MPC version 1.2.1  isl version isl-0.24-GMP]
  ignore line: []
  ignore line: [GGC heuristics: --param ggc-min-expand=100 --param ggc-min-heapsize=131072]
  ignore line: [Compiler executable checksum: e422dab9c3c3d3227850e98eadd885c2]
  ignore line: [COLLECT_GCC_OPTIONS='-v' '-o' 'CMakeFiles/cmTC_9b287.dir/CMakeCCompilerABI.c.obj' '-c' '-mcpu=arm7tdmi' '-mfloat-abi=soft' '-marm' '-mlibarch=armv4t' '-march=armv4t' '-dumpdir' 'CMakeFiles/cmTC_9b287.dir/']
  ignore line: [ /Users/luukvancampen/zephyr-sdk-0.15.1/arm-zephyr-eabi/bin/../lib/gcc/arm-zephyr-eabi/12.1.0/../../../../arm-zephyr-eabi/bin/as -v -march=armv4t -mfloat-abi=soft -meabi=5 -o CMakeFiles/cmTC_9b287.dir/CMakeCCompilerABI.c.obj /var/folders/50/b7zdz41n7bx1c5slhb37w2200000gn/T//ccINfdp2.s]
  ignore line: [GNU assembler version 2.38 (arm-zephyr-eabi) using BFD version (Zephyr SDK 0.15.1) 2.38]
  ignore line: [COMPILER_PATH=/Users/luukvancampen/zephyr-sdk-0.15.1/arm-zephyr-eabi/bin/../libexec/gcc/arm-zephyr-eabi/12.1.0/:/Users/luukvancampen/zephyr-sdk-0.15.1/arm-zephyr-eabi/bin/../libexec/gcc/:/Users/luukvancampen/zephyr-sdk-0.15.1/arm-zephyr-eabi/bin/../lib/gcc/arm-zephyr-eabi/12.1.0/../../../../arm-zephyr-eabi/bin/]
  ignore line: [LIBRARY_PATH=/Users/luukvancampen/zephyr-sdk-0.15.1/arm-zephyr-eabi/bin/../lib/gcc/arm-zephyr-eabi/12.1.0/:/Users/luukvancampen/zephyr-sdk-0.15.1/arm-zephyr-eabi/bin/../lib/gcc/:/Users/luukvancampen/zephyr-sdk-0.15.1/arm-zephyr-eabi/bin/../lib/gcc/arm-zephyr-eabi/12.1.0/../../../../arm-zephyr-eabi/lib/]
  ignore line: [COLLECT_GCC_OPTIONS='-v' '-o' 'CMakeFiles/cmTC_9b287.dir/CMakeCCompilerABI.c.obj' '-c' '-mcpu=arm7tdmi' '-mfloat-abi=soft' '-marm' '-mlibarch=armv4t' '-march=armv4t' '-dumpdir' 'CMakeFiles/cmTC_9b287.dir/CMakeCCompilerABI.c.']
  ignore line: [[2/2] Linking C static library libcmTC_9b287.a]
  ignore line: []
  ignore line: []
  implicit libs: []
  implicit objs: []
  implicit dirs: []
  implicit fwks: []


Detecting CXX compiler ABI info compiled with the following output:
Change Dir: /Users/luukvancampen/Desktop/delftMsC/realTimeSystems/blink_threads/build/bootloader/CMakeFiles/CMakeScratch/TryCompile-VK4mOl

Run Build Command(s):/usr/local/bin/ninja cmTC_8b208 && [1/2] Building CXX object CMakeFiles/cmTC_8b208.dir/CMakeCXXCompilerABI.cpp.obj
Using built-in specs.
COLLECT_GCC=/Users/luukvancampen/zephyr-sdk-0.15.1/arm-zephyr-eabi/bin/arm-zephyr-eabi-c++
Target: arm-zephyr-eabi
Configured with: /Volumes/Workspace/build/.build/arm-zephyr-eabi/src/gcc/configure --build=x86_64-build_apple-darwin20.6.0 --host=x86_64-build_apple-darwin20.6.0 --target=arm-zephyr-eabi --prefix=/Volumes/Workspace/output/arm-zephyr-eabi --exec_prefix=/Volumes/Workspace/output/arm-zephyr-eabi --with-local-prefix=/Volumes/Workspace/output/arm-zephyr-eabi/arm-zephyr-eabi --with-headers=/Volumes/Workspace/output/arm-zephyr-eabi/arm-zephyr-eabi/include --with-newlib --enable-threads=no --disable-shared --with-pkgversion='Zephyr SDK 0.15.1' --with-bugurl=https://github.com/zephyrproject-rtos/sdk-ng/issues --enable-__cxa_atexit --disable-libgomp --disable-libmudflap --disable-libmpx --disable-libssp --disable-libquadmath --disable-libquadmath-support --disable-libstdcxx-verbose --with-gmp=/Volumes/Workspace/build/.build/arm-zephyr-eabi/buildtools --with-mpfr=/Volumes/Workspace/build/.build/arm-zephyr-eabi/buildtools --with-mpc=/Volumes/Workspace/build/.build/arm-zephyr-eabi/buildtools --with-isl=/Volumes/Workspace/build/.build/arm-zephyr-eabi/buildtools --enable-lto --enable-target-optspace --disable-nls --enable-multiarch --with-multilib-list=rmprofile --enable-languages=c,c++ --with-gnu-ld --with-gnu-as --enable-initfini-array
Thread model: single
Supported LTO compression algorithms: zlib
gcc version 12.1.0 (Zephyr SDK 0.15.1) 
COLLECT_GCC_OPTIONS='-v' '-o' 'CMakeFiles/cmTC_8b208.dir/CMakeCXXCompilerABI.cpp.obj' '-c' '-mcpu=arm7tdmi' '-mfloat-abi=soft' '-marm' '-mlibarch=armv4t' '-march=armv4t' '-dumpdir' 'CMakeFiles/cmTC_8b208.dir/'
 /Users/luukvancampen/zephyr-sdk-0.15.1/arm-zephyr-eabi/bin/../libexec/gcc/arm-zephyr-eabi/12.1.0/cc1plus -quiet -v -iprefix /Users/luukvancampen/zephyr-sdk-0.15.1/arm-zephyr-eabi/bin/../lib/gcc/arm-zephyr-eabi/12.1.0/ -D__USES_INITFINI__ /usr/local/Cellar/cmake/3.25.0/share/cmake/Modules/CMakeCXXCompilerABI.cpp -quiet -dumpdir CMakeFiles/cmTC_8b208.dir/ -dumpbase CMakeCXXCompilerABI.cpp.cpp -dumpbase-ext .cpp -mcpu=arm7tdmi -mfloat-abi=soft -marm -mlibarch=armv4t -march=armv4t -version -o /var/folders/50/b7zdz41n7bx1c5slhb37w2200000gn/T//ccc4ahqK.s
GNU C++17 (Zephyr SDK 0.15.1) version 12.1.0 (arm-zephyr-eabi)
	compiled by GNU C version Apple LLVM 13.0.0 (clang-1300.0.29.30), GMP version 6.2.1, MPFR version 4.1.0, MPC version 1.2.1, isl version isl-0.24-GMP

GGC heuristics: --param ggc-min-expand=100 --param ggc-min-heapsize=131072
ignoring duplicate directory "/Users/luukvancampen/zephyr-sdk-0.15.1/arm-zephyr-eabi/bin/../lib/gcc/../../lib/gcc/arm-zephyr-eabi/12.1.0/../../../../arm-zephyr-eabi/include/c++/12.1.0"
ignoring duplicate directory "/Users/luukvancampen/zephyr-sdk-0.15.1/arm-zephyr-eabi/bin/../lib/gcc/../../lib/gcc/arm-zephyr-eabi/12.1.0/../../../../arm-zephyr-eabi/include/c++/12.1.0/arm-zephyr-eabi"
ignoring duplicate directory "/Users/luukvancampen/zephyr-sdk-0.15.1/arm-zephyr-eabi/bin/../lib/gcc/../../lib/gcc/arm-zephyr-eabi/12.1.0/../../../../arm-zephyr-eabi/include/c++/12.1.0/backward"
ignoring duplicate directory "/Users/luukvancampen/zephyr-sdk-0.15.1/arm-zephyr-eabi/bin/../lib/gcc/../../lib/gcc/arm-zephyr-eabi/12.1.0/include"
ignoring duplicate directory "/Users/luukvancampen/zephyr-sdk-0.15.1/arm-zephyr-eabi/bin/../lib/gcc/../../lib/gcc/arm-zephyr-eabi/12.1.0/include-fixed"
ignoring duplicate directory "/Users/luukvancampen/zephyr-sdk-0.15.1/arm-zephyr-eabi/bin/../lib/gcc/../../lib/gcc/arm-zephyr-eabi/12.1.0/../../../../arm-zephyr-eabi/sys-include"
ignoring duplicate directory "/Users/luukvancampen/zephyr-sdk-0.15.1/arm-zephyr-eabi/bin/../lib/gcc/../../lib/gcc/arm-zephyr-eabi/12.1.0/../../../../arm-zephyr-eabi/include"
#include "..." search starts here:
#include <...> search starts here:
 /Users/luukvancampen/zephyr-sdk-0.15.1/arm-zephyr-eabi/bin/../lib/gcc/arm-zephyr-eabi/12.1.0/../../../../arm-zephyr-eabi/include/c++/12.1.0
 /Users/luukvancampen/zephyr-sdk-0.15.1/arm-zephyr-eabi/bin/../lib/gcc/arm-zephyr-eabi/12.1.0/../../../../arm-zephyr-eabi/include/c++/12.1.0/arm-zephyr-eabi
 /Users/luukvancampen/zephyr-sdk-0.15.1/arm-zephyr-eabi/bin/../lib/gcc/arm-zephyr-eabi/12.1.0/../../../../arm-zephyr-eabi/include/c++/12.1.0/backward
 /Users/luukvancampen/zephyr-sdk-0.15.1/arm-zephyr-eabi/bin/../lib/gcc/arm-zephyr-eabi/12.1.0/include
 /Users/luukvancampen/zephyr-sdk-0.15.1/arm-zephyr-eabi/bin/../lib/gcc/arm-zephyr-eabi/12.1.0/include-fixed
 /Users/luukvancampen/zephyr-sdk-0.15.1/arm-zephyr-eabi/bin/../lib/gcc/arm-zephyr-eabi/12.1.0/../../../../arm-zephyr-eabi/sys-include
 /Users/luukvancampen/zephyr-sdk-0.15.1/arm-zephyr-eabi/bin/../lib/gcc/arm-zephyr-eabi/12.1.0/../../../../arm-zephyr-eabi/include
End of search list.
GNU C++17 (Zephyr SDK 0.15.1) version 12.1.0 (arm-zephyr-eabi)
	compiled by GNU C version Apple LLVM 13.0.0 (clang-1300.0.29.30), GMP version 6.2.1, MPFR version 4.1.0, MPC version 1.2.1, isl version isl-0.24-GMP

GGC heuristics: --param ggc-min-expand=100 --param ggc-min-heapsize=131072
Compiler executable checksum: c10616bffb79e537d78c1318adeefbb5
COLLECT_GCC_OPTIONS='-v' '-o' 'CMakeFiles/cmTC_8b208.dir/CMakeCXXCompilerABI.cpp.obj' '-c' '-mcpu=arm7tdmi' '-mfloat-abi=soft' '-marm' '-mlibarch=armv4t' '-march=armv4t' '-dumpdir' 'CMakeFiles/cmTC_8b208.dir/'
 /Users/luukvancampen/zephyr-sdk-0.15.1/arm-zephyr-eabi/bin/../lib/gcc/arm-zephyr-eabi/12.1.0/../../../../arm-zephyr-eabi/bin/as -v -march=armv4t -mfloat-abi=soft -meabi=5 -o CMakeFiles/cmTC_8b208.dir/CMakeCXXCompilerABI.cpp.obj /var/folders/50/b7zdz41n7bx1c5slhb37w2200000gn/T//ccc4ahqK.s
GNU assembler version 2.38 (arm-zephyr-eabi) using BFD version (Zephyr SDK 0.15.1) 2.38
COMPILER_PATH=/Users/luukvancampen/zephyr-sdk-0.15.1/arm-zephyr-eabi/bin/../libexec/gcc/arm-zephyr-eabi/12.1.0/:/Users/luukvancampen/zephyr-sdk-0.15.1/arm-zephyr-eabi/bin/../libexec/gcc/:/Users/luukvancampen/zephyr-sdk-0.15.1/arm-zephyr-eabi/bin/../lib/gcc/arm-zephyr-eabi/12.1.0/../../../../arm-zephyr-eabi/bin/
LIBRARY_PATH=/Users/luukvancampen/zephyr-sdk-0.15.1/arm-zephyr-eabi/bin/../lib/gcc/arm-zephyr-eabi/12.1.0/:/Users/luukvancampen/zephyr-sdk-0.15.1/arm-zephyr-eabi/bin/../lib/gcc/:/Users/luukvancampen/zephyr-sdk-0.15.1/arm-zephyr-eabi/bin/../lib/gcc/arm-zephyr-eabi/12.1.0/../../../../arm-zephyr-eabi/lib/
COLLECT_GCC_OPTIONS='-v' '-o' 'CMakeFiles/cmTC_8b208.dir/CMakeCXXCompilerABI.cpp.obj' '-c' '-mcpu=arm7tdmi' '-mfloat-abi=soft' '-marm' '-mlibarch=armv4t' '-march=armv4t' '-dumpdir' 'CMakeFiles/cmTC_8b208.dir/CMakeCXXCompilerABI.cpp.'
[2/2] Linking CXX static library libcmTC_8b208.a



Parsed CXX implicit include dir info from above output: rv=done
  found start of include info
  found start of implicit include info
    add: [/Users/luukvancampen/zephyr-sdk-0.15.1/arm-zephyr-eabi/bin/../lib/gcc/arm-zephyr-eabi/12.1.0/../../../../arm-zephyr-eabi/include/c++/12.1.0]
    add: [/Users/luukvancampen/zephyr-sdk-0.15.1/arm-zephyr-eabi/bin/../lib/gcc/arm-zephyr-eabi/12.1.0/../../../../arm-zephyr-eabi/include/c++/12.1.0/arm-zephyr-eabi]
    add: [/Users/luukvancampen/zephyr-sdk-0.15.1/arm-zephyr-eabi/bin/../lib/gcc/arm-zephyr-eabi/12.1.0/../../../../arm-zephyr-eabi/include/c++/12.1.0/backward]
    add: [/Users/luukvancampen/zephyr-sdk-0.15.1/arm-zephyr-eabi/bin/../lib/gcc/arm-zephyr-eabi/12.1.0/include]
    add: [/Users/luukvancampen/zephyr-sdk-0.15.1/arm-zephyr-eabi/bin/../lib/gcc/arm-zephyr-eabi/12.1.0/include-fixed]
    add: [/Users/luukvancampen/zephyr-sdk-0.15.1/arm-zephyr-eabi/bin/../lib/gcc/arm-zephyr-eabi/12.1.0/../../../../arm-zephyr-eabi/sys-include]
    add: [/Users/luukvancampen/zephyr-sdk-0.15.1/arm-zephyr-eabi/bin/../lib/gcc/arm-zephyr-eabi/12.1.0/../../../../arm-zephyr-eabi/include]
  end of search list found
  collapse include dir [/Users/luukvancampen/zephyr-sdk-0.15.1/arm-zephyr-eabi/bin/../lib/gcc/arm-zephyr-eabi/12.1.0/../../../../arm-zephyr-eabi/include/c++/12.1.0] ==> [/Users/luukvancampen/zephyr-sdk-0.15.1/arm-zephyr-eabi/arm-zephyr-eabi/include/c++/12.1.0]
  collapse include dir [/Users/luukvancampen/zephyr-sdk-0.15.1/arm-zephyr-eabi/bin/../lib/gcc/arm-zephyr-eabi/12.1.0/../../../../arm-zephyr-eabi/include/c++/12.1.0/arm-zephyr-eabi] ==> [/Users/luukvancampen/zephyr-sdk-0.15.1/arm-zephyr-eabi/arm-zephyr-eabi/include/c++/12.1.0/arm-zephyr-eabi]
  collapse include dir [/Users/luukvancampen/zephyr-sdk-0.15.1/arm-zephyr-eabi/bin/../lib/gcc/arm-zephyr-eabi/12.1.0/../../../../arm-zephyr-eabi/include/c++/12.1.0/backward] ==> [/Users/luukvancampen/zephyr-sdk-0.15.1/arm-zephyr-eabi/arm-zephyr-eabi/include/c++/12.1.0/backward]
  collapse include dir [/Users/luukvancampen/zephyr-sdk-0.15.1/arm-zephyr-eabi/bin/../lib/gcc/arm-zephyr-eabi/12.1.0/include] ==> [/Users/luukvancampen/zephyr-sdk-0.15.1/arm-zephyr-eabi/lib/gcc/arm-zephyr-eabi/12.1.0/include]
  collapse include dir [/Users/luukvancampen/zephyr-sdk-0.15.1/arm-zephyr-eabi/bin/../lib/gcc/arm-zephyr-eabi/12.1.0/include-fixed] ==> [/Users/luukvancampen/zephyr-sdk-0.15.1/arm-zephyr-eabi/lib/gcc/arm-zephyr-eabi/12.1.0/include-fixed]
  collapse include dir [/Users/luukvancampen/zephyr-sdk-0.15.1/arm-zephyr-eabi/bin/../lib/gcc/arm-zephyr-eabi/12.1.0/../../../../arm-zephyr-eabi/sys-include] ==> [/Users/luukvancampen/zephyr-sdk-0.15.1/arm-zephyr-eabi/arm-zephyr-eabi/sys-include]
  collapse include dir [/Users/luukvancampen/zephyr-sdk-0.15.1/arm-zephyr-eabi/bin/../lib/gcc/arm-zephyr-eabi/12.1.0/../../../../arm-zephyr-eabi/include] ==> [/Users/luukvancampen/zephyr-sdk-0.15.1/arm-zephyr-eabi/arm-zephyr-eabi/include]
  implicit include dirs: [/Users/luukvancampen/zephyr-sdk-0.15.1/arm-zephyr-eabi/arm-zephyr-eabi/include/c++/12.1.0;/Users/luukvancampen/zephyr-sdk-0.15.1/arm-zephyr-eabi/arm-zephyr-eabi/include/c++/12.1.0/arm-zephyr-eabi;/Users/luukvancampen/zephyr-sdk-0.15.1/arm-zephyr-eabi/arm-zephyr-eabi/include/c++/12.1.0/backward;/Users/luukvancampen/zephyr-sdk-0.15.1/arm-zephyr-eabi/lib/gcc/arm-zephyr-eabi/12.1.0/include;/Users/luukvancampen/zephyr-sdk-0.15.1/arm-zephyr-eabi/lib/gcc/arm-zephyr-eabi/12.1.0/include-fixed;/Users/luukvancampen/zephyr-sdk-0.15.1/arm-zephyr-eabi/arm-zephyr-eabi/sys-include;/Users/luukvancampen/zephyr-sdk-0.15.1/arm-zephyr-eabi/arm-zephyr-eabi/include]


Parsed CXX implicit link information from above output:
  link line regex: [^( *|.*[/\])(arm-zephyr-eabi-ld|CMAKE_LINK_STARTFILE-NOTFOUND|([^/\]+-)?ld|collect2)[^/\]*( |$)]
  ignore line: [Change Dir: /Users/luukvancampen/Desktop/delftMsC/realTimeSystems/blink_threads/build/bootloader/CMakeFiles/CMakeScratch/TryCompile-VK4mOl]
  ignore line: []
  ignore line: [Run Build Command(s):/usr/local/bin/ninja cmTC_8b208 && [1/2] Building CXX object CMakeFiles/cmTC_8b208.dir/CMakeCXXCompilerABI.cpp.obj]
  ignore line: [Using built-in specs.]
  ignore line: [COLLECT_GCC=/Users/luukvancampen/zephyr-sdk-0.15.1/arm-zephyr-eabi/bin/arm-zephyr-eabi-c++]
  ignore line: [Target: arm-zephyr-eabi]
  ignore line: [Configured with: /Volumes/Workspace/build/.build/arm-zephyr-eabi/src/gcc/configure --build=x86_64-build_apple-darwin20.6.0 --host=x86_64-build_apple-darwin20.6.0 --target=arm-zephyr-eabi --prefix=/Volumes/Workspace/output/arm-zephyr-eabi --exec_prefix=/Volumes/Workspace/output/arm-zephyr-eabi --with-local-prefix=/Volumes/Workspace/output/arm-zephyr-eabi/arm-zephyr-eabi --with-headers=/Volumes/Workspace/output/arm-zephyr-eabi/arm-zephyr-eabi/include --with-newlib --enable-threads=no --disable-shared --with-pkgversion='Zephyr SDK 0.15.1' --with-bugurl=https://github.com/zephyrproject-rtos/sdk-ng/issues --enable-__cxa_atexit --disable-libgomp --disable-libmudflap --disable-libmpx --disable-libssp --disable-libquadmath --disable-libquadmath-support --disable-libstdcxx-verbose --with-gmp=/Volumes/Workspace/build/.build/arm-zephyr-eabi/buildtools --with-mpfr=/Volumes/Workspace/build/.build/arm-zephyr-eabi/buildtools --with-mpc=/Volumes/Workspace/build/.build/arm-zephyr-eabi/buildtools --with-isl=/Volumes/Workspace/build/.build/arm-zephyr-eabi/buildtools --enable-lto --enable-target-optspace --disable-nls --enable-multiarch --with-multilib-list=rmprofile --enable-languages=c,c++ --with-gnu-ld --with-gnu-as --enable-initfini-array]
  ignore line: [Thread model: single]
  ignore line: [Supported LTO compression algorithms: zlib]
  ignore line: [gcc version 12.1.0 (Zephyr SDK 0.15.1) ]
  ignore line: [COLLECT_GCC_OPTIONS='-v' '-o' 'CMakeFiles/cmTC_8b208.dir/CMakeCXXCompilerABI.cpp.obj' '-c' '-mcpu=arm7tdmi' '-mfloat-abi=soft' '-marm' '-mlibarch=armv4t' '-march=armv4t' '-dumpdir' 'CMakeFiles/cmTC_8b208.dir/']
  ignore line: [ /Users/luukvancampen/zephyr-sdk-0.15.1/arm-zephyr-eabi/bin/../libexec/gcc/arm-zephyr-eabi/12.1.0/cc1plus -quiet -v -iprefix /Users/luukvancampen/zephyr-sdk-0.15.1/arm-zephyr-eabi/bin/../lib/gcc/arm-zephyr-eabi/12.1.0/ -D__USES_INITFINI__ /usr/local/Cellar/cmake/3.25.0/share/cmake/Modules/CMakeCXXCompilerABI.cpp -quiet -dumpdir CMakeFiles/cmTC_8b208.dir/ -dumpbase CMakeCXXCompilerABI.cpp.cpp -dumpbase-ext .cpp -mcpu=arm7tdmi -mfloat-abi=soft -marm -mlibarch=armv4t -march=armv4t -version -o /var/folders/50/b7zdz41n7bx1c5slhb37w2200000gn/T//ccc4ahqK.s]
  ignore line: [GNU C++17 (Zephyr SDK 0.15.1) version 12.1.0 (arm-zephyr-eabi)]
  ignore line: [	compiled by GNU C version Apple LLVM 13.0.0 (clang-1300.0.29.30)  GMP version 6.2.1  MPFR version 4.1.0  MPC version 1.2.1  isl version isl-0.24-GMP]
  ignore line: []
  ignore line: [GGC heuristics: --param ggc-min-expand=100 --param ggc-min-heapsize=131072]
  ignore line: [ignoring duplicate directory "/Users/luukvancampen/zephyr-sdk-0.15.1/arm-zephyr-eabi/bin/../lib/gcc/../../lib/gcc/arm-zephyr-eabi/12.1.0/../../../../arm-zephyr-eabi/include/c++/12.1.0"]
  ignore line: [ignoring duplicate directory "/Users/luukvancampen/zephyr-sdk-0.15.1/arm-zephyr-eabi/bin/../lib/gcc/../../lib/gcc/arm-zephyr-eabi/12.1.0/../../../../arm-zephyr-eabi/include/c++/12.1.0/arm-zephyr-eabi"]
  ignore line: [ignoring duplicate directory "/Users/luukvancampen/zephyr-sdk-0.15.1/arm-zephyr-eabi/bin/../lib/gcc/../../lib/gcc/arm-zephyr-eabi/12.1.0/../../../../arm-zephyr-eabi/include/c++/12.1.0/backward"]
  ignore line: [ignoring duplicate directory "/Users/luukvancampen/zephyr-sdk-0.15.1/arm-zephyr-eabi/bin/../lib/gcc/../../lib/gcc/arm-zephyr-eabi/12.1.0/include"]
  ignore line: [ignoring duplicate directory "/Users/luukvancampen/zephyr-sdk-0.15.1/arm-zephyr-eabi/bin/../lib/gcc/../../lib/gcc/arm-zephyr-eabi/12.1.0/include-fixed"]
  ignore line: [ignoring duplicate directory "/Users/luukvancampen/zephyr-sdk-0.15.1/arm-zephyr-eabi/bin/../lib/gcc/../../lib/gcc/arm-zephyr-eabi/12.1.0/../../../../arm-zephyr-eabi/sys-include"]
  ignore line: [ignoring duplicate directory "/Users/luukvancampen/zephyr-sdk-0.15.1/arm-zephyr-eabi/bin/../lib/gcc/../../lib/gcc/arm-zephyr-eabi/12.1.0/../../../../arm-zephyr-eabi/include"]
  ignore line: [#include "..." search starts here:]
  ignore line: [#include <...> search starts here:]
  ignore line: [ /Users/luukvancampen/zephyr-sdk-0.15.1/arm-zephyr-eabi/bin/../lib/gcc/arm-zephyr-eabi/12.1.0/../../../../arm-zephyr-eabi/include/c++/12.1.0]
  ignore line: [ /Users/luukvancampen/zephyr-sdk-0.15.1/arm-zephyr-eabi/bin/../lib/gcc/arm-zephyr-eabi/12.1.0/../../../../arm-zephyr-eabi/include/c++/12.1.0/arm-zephyr-eabi]
  ignore line: [ /Users/luukvancampen/zephyr-sdk-0.15.1/arm-zephyr-eabi/bin/../lib/gcc/arm-zephyr-eabi/12.1.0/../../../../arm-zephyr-eabi/include/c++/12.1.0/backward]
  ignore line: [ /Users/luukvancampen/zephyr-sdk-0.15.1/arm-zephyr-eabi/bin/../lib/gcc/arm-zephyr-eabi/12.1.0/include]
  ignore line: [ /Users/luukvancampen/zephyr-sdk-0.15.1/arm-zephyr-eabi/bin/../lib/gcc/arm-zephyr-eabi/12.1.0/include-fixed]
  ignore line: [ /Users/luukvancampen/zephyr-sdk-0.15.1/arm-zephyr-eabi/bin/../lib/gcc/arm-zephyr-eabi/12.1.0/../../../../arm-zephyr-eabi/sys-include]
  ignore line: [ /Users/luukvancampen/zephyr-sdk-0.15.1/arm-zephyr-eabi/bin/../lib/gcc/arm-zephyr-eabi/12.1.0/../../../../arm-zephyr-eabi/include]
  ignore line: [End of search list.]
  ignore line: [GNU C++17 (Zephyr SDK 0.15.1) version 12.1.0 (arm-zephyr-eabi)]
  ignore line: [	compiled by GNU C version Apple LLVM 13.0.0 (clang-1300.0.29.30)  GMP version 6.2.1  MPFR version 4.1.0  MPC version 1.2.1  isl version isl-0.24-GMP]
  ignore line: []
  ignore line: [GGC heuristics: --param ggc-min-expand=100 --param ggc-min-heapsize=131072]
  ignore line: [Compiler executable checksum: c10616bffb79e537d78c1318adeefbb5]
  ignore line: [COLLECT_GCC_OPTIONS='-v' '-o' 'CMakeFiles/cmTC_8b208.dir/CMakeCXXCompilerABI.cpp.obj' '-c' '-mcpu=arm7tdmi' '-mfloat-abi=soft' '-marm' '-mlibarch=armv4t' '-march=armv4t' '-dumpdir' 'CMakeFiles/cmTC_8b208.dir/']
  ignore line: [ /Users/luukvancampen/zephyr-sdk-0.15.1/arm-zephyr-eabi/bin/../lib/gcc/arm-zephyr-eabi/12.1.0/../../../../arm-zephyr-eabi/bin/as -v -march=armv4t -mfloat-abi=soft -meabi=5 -o CMakeFiles/cmTC_8b208.dir/CMakeCXXCompilerABI.cpp.obj /var/folders/50/b7zdz41n7bx1c5slhb37w2200000gn/T//ccc4ahqK.s]
  ignore line: [GNU assembler version 2.38 (arm-zephyr-eabi) using BFD version (Zephyr SDK 0.15.1) 2.38]
  ignore line: [COMPILER_PATH=/Users/luukvancampen/zephyr-sdk-0.15.1/arm-zephyr-eabi/bin/../libexec/gcc/arm-zephyr-eabi/12.1.0/:/Users/luukvancampen/zephyr-sdk-0.15.1/arm-zephyr-eabi/bin/../libexec/gcc/:/Users/luukvancampen/zephyr-sdk-0.15.1/arm-zephyr-eabi/bin/../lib/gcc/arm-zephyr-eabi/12.1.0/../../../../arm-zephyr-eabi/bin/]
  ignore line: [LIBRARY_PATH=/Users/luukvancampen/zephyr-sdk-0.15.1/arm-zephyr-eabi/bin/../lib/gcc/arm-zephyr-eabi/12.1.0/:/Users/luukvancampen/zephyr-sdk-0.15.1/arm-zephyr-eabi/bin/../lib/gcc/:/Users/luukvancampen/zephyr-sdk-0.15.1/arm-zephyr-eabi/bin/../lib/gcc/arm-zephyr-eabi/12.1.0/../../../../arm-zephyr-eabi/lib/]
  ignore line: [COLLECT_GCC_OPTIONS='-v' '-o' 'CMakeFiles/cmTC_8b208.dir/CMakeCXXCompilerABI.cpp.obj' '-c' '-mcpu=arm7tdmi' '-mfloat-abi=soft' '-marm' '-mlibarch=armv4t' '-march=armv4t' '-dumpdir' 'CMakeFiles/cmTC_8b208.dir/CMakeCXXCompilerABI.cpp.']
  ignore line: [[2/2] Linking CXX static library libcmTC_8b208.a]
  ignore line: []
  ignore line: []
  implicit libs: []
  implicit objs: []
  implicit dirs: []
  implicit fwks: []


Checking whether the ASM compiler is GNU using "--version" matched "(GNU assembler)|(GCC)|(Free Software Foundation)":
arm-zephyr-eabi-gcc (Zephyr SDK 0.15.1) 12.1.0
Copyright (C) 2022 Free Software Foundation, Inc.
This is free software; see the source for copying conditions.  There is NO
warranty; not even for MERCHANTABILITY or FITNESS FOR A PARTICULAR PURPOSE.

